<?xml version="1.0" encoding="UTF-8"?>
<testng-results ignored="0" total="12" passed="10" failed="2" skipped="0">
  <reporter-output>
  </reporter-output>
  <suite started-at="2022-09-23T22:39:15 IST" name="Suite1234" finished-at="2022-09-23T22:40:02 IST" duration-ms="47187">
    <groups>
    </groups>
    <test started-at="2022-09-23T22:39:15 IST" name="Chrome" finished-at="2022-09-23T22:39:34 IST" duration-ms="18574">
      <class name="test.verifySexOptions">
        <test-method is-config="true" signature="launchBrowser(java.lang.String)[pri:0, instance:test.verifySexOptions@1fa268de]" started-at="2022-09-23T22:39:17 IST" name="launchBrowser" finished-at="2022-09-23T22:39:18 IST" duration-ms="710" status="PASS">
          <params>
            <param index="0">
              <value>
                <![CDATA[Chrome]]>
              </value>
            </param>
          </params>
          <reporter-output>
          </reporter-output>
        </test-method> <!-- launchBrowser -->
        <test-method is-config="true" signature="createPOMObject()[pri:0, instance:test.verifySexOptions@1fa268de]" started-at="2022-09-23T22:39:18 IST" name="createPOMObject" finished-at="2022-09-23T22:39:18 IST" duration-ms="28" status="PASS">
          <reporter-output>
          </reporter-output>
        </test-method> <!-- createPOMObject -->
        <test-method is-config="true" signature="openURL()[pri:0, instance:test.verifySexOptions@1fa268de]" started-at="2022-09-23T22:39:18 IST" name="openURL" finished-at="2022-09-23T22:39:21 IST" duration-ms="3238" status="PASS">
          <reporter-output>
          </reporter-output>
        </test-method> <!-- openURL -->
        <test-method signature="verifyCustomButtons()[pri:0, instance:test.verifySexOptions@1fa268de]" started-at="2022-09-23T22:39:21 IST" name="verifyCustomButtons" finished-at="2022-09-23T22:39:22 IST" duration-ms="1303" status="PASS">
          <reporter-output>
          </reporter-output>
        </test-method> <!-- verifyCustomButtons -->
        <test-method is-config="true" signature="openURL()[pri:0, instance:test.verifySexOptions@1fa268de]" started-at="2022-09-23T22:39:22 IST" name="openURL" finished-at="2022-09-23T22:39:24 IST" duration-ms="1368" status="PASS">
          <reporter-output>
          </reporter-output>
        </test-method> <!-- openURL -->
        <test-method signature="verifySexButtons()[pri:0, instance:test.verifySexOptions@1fa268de]" started-at="2022-09-23T22:39:24 IST" name="verifySexButtons" finished-at="2022-09-23T22:39:24 IST" duration-ms="746" status="PASS">
          <reporter-output>
          </reporter-output>
        </test-method> <!-- verifySexButtons -->
        <test-method is-config="true" signature="removeObject()[pri:0, instance:test.verifySexOptions@1fa268de]" started-at="2022-09-23T22:39:24 IST" name="removeObject" finished-at="2022-09-23T22:39:24 IST" duration-ms="0" status="PASS">
          <reporter-output>
          </reporter-output>
        </test-method> <!-- removeObject -->
        <test-method is-config="true" signature="closeBrowser()[pri:0, instance:test.verifySexOptions@1fa268de]" started-at="2022-09-23T22:39:31 IST" name="closeBrowser" finished-at="2022-09-23T22:39:34 IST" duration-ms="2441" status="PASS">
          <reporter-output>
          </reporter-output>
        </test-method> <!-- closeBrowser -->
      </class> <!-- test.verifySexOptions -->
      <class name="test.VerifyAttributeValueCreateNewAccount">
        <test-method is-config="true" signature="launchBrowser(java.lang.String)[pri:0, instance:test.VerifyAttributeValueCreateNewAccount@7b9a4292]" started-at="2022-09-23T22:39:15 IST" name="launchBrowser" finished-at="2022-09-23T22:39:16 IST" duration-ms="1080" status="PASS">
          <params>
            <param index="0">
              <value>
                <![CDATA[Chrome]]>
              </value>
            </param>
          </params>
          <reporter-output>
          </reporter-output>
        </test-method> <!-- launchBrowser -->
        <test-method is-config="true" signature="createPOMObject()[pri:0, instance:test.VerifyAttributeValueCreateNewAccount@7b9a4292]" started-at="2022-09-23T22:39:18 IST" name="createPOMObject" finished-at="2022-09-23T22:39:18 IST" duration-ms="27" status="PASS">
          <reporter-output>
          </reporter-output>
        </test-method> <!-- createPOMObject -->
        <test-method is-config="true" signature="openURL()[pri:0, instance:test.VerifyAttributeValueCreateNewAccount@7b9a4292]" started-at="2022-09-23T22:39:18 IST" name="openURL" finished-at="2022-09-23T22:39:21 IST" duration-ms="3552" status="PASS">
          <reporter-output>
          </reporter-output>
        </test-method> <!-- openURL -->
        <test-method signature="verifyAttributeValueFirstName()[pri:1, instance:test.VerifyAttributeValueCreateNewAccount@7b9a4292]" started-at="2022-09-23T22:39:21 IST" name="verifyAttributeValueFirstName" finished-at="2022-09-23T22:39:23 IST" duration-ms="2300" status="PASS">
          <reporter-output>
          </reporter-output>
        </test-method> <!-- verifyAttributeValueFirstName -->
        <test-method is-config="true" signature="openURL()[pri:0, instance:test.VerifyAttributeValueCreateNewAccount@7b9a4292]" started-at="2022-09-23T22:39:23 IST" name="openURL" finished-at="2022-09-23T22:39:24 IST" duration-ms="953" status="PASS">
          <reporter-output>
          </reporter-output>
        </test-method> <!-- openURL -->
        <test-method signature="verifyAttributeValueLastName()[pri:2, instance:test.VerifyAttributeValueCreateNewAccount@7b9a4292]" started-at="2022-09-23T22:39:24 IST" name="verifyAttributeValueLastName" finished-at="2022-09-23T22:39:25 IST" duration-ms="807" status="PASS">
          <reporter-output>
          </reporter-output>
        </test-method> <!-- verifyAttributeValueLastName -->
        <test-method is-config="true" signature="openURL()[pri:0, instance:test.VerifyAttributeValueCreateNewAccount@7b9a4292]" started-at="2022-09-23T22:39:25 IST" name="openURL" finished-at="2022-09-23T22:39:26 IST" duration-ms="675" status="PASS">
          <reporter-output>
          </reporter-output>
        </test-method> <!-- openURL -->
        <test-method signature="verifyAttributeValueMobileEmailId()[pri:3, instance:test.VerifyAttributeValueCreateNewAccount@7b9a4292]" started-at="2022-09-23T22:39:26 IST" name="verifyAttributeValueMobileEmailId" finished-at="2022-09-23T22:39:26 IST" duration-ms="485" status="PASS">
          <reporter-output>
          </reporter-output>
        </test-method> <!-- verifyAttributeValueMobileEmailId -->
        <test-method is-config="true" signature="removeObject()[pri:0, instance:test.VerifyAttributeValueCreateNewAccount@7b9a4292]" started-at="2022-09-23T22:39:26 IST" name="removeObject" finished-at="2022-09-23T22:39:26 IST" duration-ms="0" status="PASS">
          <reporter-output>
          </reporter-output>
        </test-method> <!-- removeObject -->
        <test-method is-config="true" signature="closeBrowser()[pri:0, instance:test.VerifyAttributeValueCreateNewAccount@7b9a4292]" started-at="2022-09-23T22:39:26 IST" name="closeBrowser" finished-at="2022-09-23T22:39:29 IST" duration-ms="2437" status="PASS">
          <reporter-output>
          </reporter-output>
        </test-method> <!-- closeBrowser -->
      </class> <!-- test.VerifyAttributeValueCreateNewAccount -->
      <class name="test.verifyBirthday">
        <test-method is-config="true" signature="launchBrowser(java.lang.String)[pri:0, instance:test.verifyBirthday@4a94ee4]" started-at="2022-09-23T22:39:16 IST" name="launchBrowser" finished-at="2022-09-23T22:39:17 IST" duration-ms="633" status="PASS">
          <params>
            <param index="0">
              <value>
                <![CDATA[Chrome]]>
              </value>
            </param>
          </params>
          <reporter-output>
          </reporter-output>
        </test-method> <!-- launchBrowser -->
        <test-method is-config="true" signature="createPOMObject()[pri:0, instance:test.verifyBirthday@4a94ee4]" started-at="2022-09-23T22:39:18 IST" name="createPOMObject" finished-at="2022-09-23T22:39:18 IST" duration-ms="28" status="PASS">
          <reporter-output>
          </reporter-output>
        </test-method> <!-- createPOMObject -->
        <test-method is-config="true" signature="openURL()[pri:0, instance:test.verifyBirthday@4a94ee4]" started-at="2022-09-23T22:39:18 IST" name="openURL" finished-at="2022-09-23T22:39:21 IST" duration-ms="3389" status="PASS">
          <reporter-output>
          </reporter-output>
        </test-method> <!-- openURL -->
        <test-method signature="verifyBirthday()[pri:0, instance:test.verifyBirthday@4a94ee4]" started-at="2022-09-23T22:39:21 IST" name="verifyBirthday" finished-at="2022-09-23T22:39:23 IST" duration-ms="2323" status="FAIL">
          <exception class="java.lang.AssertionError">
            <message>
              <![CDATA[The following asserts failed:
expected [true] but found [false],
expected [true] but found [false],
expected [true] but found [false]]]>
            </message>
            <full-stacktrace>
              <![CDATA[java.lang.AssertionError: The following asserts failed:
expected [true] but found [false],
expected [true] but found [false],
expected [true] but found [false]
at org.testng.asserts.SoftAssert.assertAll(SoftAssert.java:47)
at org.testng.asserts.SoftAssert.assertAll(SoftAssert.java:31)
at test.verifyBirthday.verifyBirthday(verifyBirthday.java:68)
at java.base/jdk.internal.reflect.DirectMethodHandleAccessor.invoke(DirectMethodHandleAccessor.java:104)
at java.base/java.lang.reflect.Method.invoke(Method.java:577)
at org.testng.internal.MethodInvocationHelper.invokeMethod(MethodInvocationHelper.java:133)
at org.testng.internal.TestInvoker.invokeMethod(TestInvoker.java:598)
at org.testng.internal.TestInvoker.invokeTestMethod(TestInvoker.java:173)
at org.testng.internal.MethodRunner.runInSequence(MethodRunner.java:46)
at org.testng.internal.TestInvoker$MethodInvocationAgent.invoke(TestInvoker.java:824)
at org.testng.internal.TestInvoker.invokeTestMethods(TestInvoker.java:146)
at org.testng.internal.TestMethodWorker.invokeTestMethods(TestMethodWorker.java:146)
at org.testng.internal.TestMethodWorker.run(TestMethodWorker.java:128)
at java.base/java.util.concurrent.ThreadPoolExecutor.runWorker(ThreadPoolExecutor.java:1136)
at java.base/java.util.concurrent.ThreadPoolExecutor$Worker.run(ThreadPoolExecutor.java:635)
at java.base/java.lang.Thread.run(Thread.java:833)
]]>
            </full-stacktrace>
          </exception> <!-- java.lang.AssertionError -->
          <reporter-output>
          </reporter-output>
        </test-method> <!-- verifyBirthday -->
        <test-method is-config="true" signature="removeObject()[pri:0, instance:test.verifyBirthday@4a94ee4]" started-at="2022-09-23T22:39:23 IST" name="removeObject" finished-at="2022-09-23T22:39:23 IST" duration-ms="0" status="PASS">
          <reporter-output>
          </reporter-output>
        </test-method> <!-- removeObject -->
        <test-method is-config="true" signature="closeBrowser()[pri:0, instance:test.verifyBirthday@4a94ee4]" started-at="2022-09-23T22:39:29 IST" name="closeBrowser" finished-at="2022-09-23T22:39:31 IST" duration-ms="2445" status="PASS">
          <reporter-output>
          </reporter-output>
        </test-method> <!-- closeBrowser -->
      </class> <!-- test.verifyBirthday -->
    </test> <!-- Chrome -->
    <test started-at="2022-09-23T22:39:34 IST" name="Edge" finished-at="2022-09-23T22:40:02 IST" duration-ms="28585">
      <class name="test.verifySexOptions">
        <test-method is-config="true" signature="launchBrowser(java.lang.String)[pri:0, instance:test.verifySexOptions@55183b20]" started-at="2022-09-23T22:39:39 IST" name="launchBrowser" finished-at="2022-09-23T22:39:41 IST" duration-ms="2345" status="PASS">
          <params>
            <param index="0">
              <value>
                <![CDATA[Edge]]>
              </value>
            </param>
          </params>
          <reporter-output>
          </reporter-output>
        </test-method> <!-- launchBrowser -->
        <test-method is-config="true" signature="createPOMObject()[pri:0, instance:test.verifySexOptions@55183b20]" started-at="2022-09-23T22:39:41 IST" name="createPOMObject" finished-at="2022-09-23T22:39:41 IST" duration-ms="1" status="PASS">
          <reporter-output>
          </reporter-output>
        </test-method> <!-- createPOMObject -->
        <test-method is-config="true" signature="openURL()[pri:0, instance:test.verifySexOptions@55183b20]" started-at="2022-09-23T22:39:41 IST" name="openURL" finished-at="2022-09-23T22:39:47 IST" duration-ms="5521" status="PASS">
          <reporter-output>
          </reporter-output>
        </test-method> <!-- openURL -->
        <test-method signature="verifyCustomButtons()[pri:0, instance:test.verifySexOptions@55183b20]" started-at="2022-09-23T22:39:47 IST" name="verifyCustomButtons" finished-at="2022-09-23T22:39:48 IST" duration-ms="1392" status="PASS">
          <reporter-output>
          </reporter-output>
        </test-method> <!-- verifyCustomButtons -->
        <test-method is-config="true" signature="openURL()[pri:0, instance:test.verifySexOptions@55183b20]" started-at="2022-09-23T22:39:48 IST" name="openURL" finished-at="2022-09-23T22:39:50 IST" duration-ms="2278" status="PASS">
          <reporter-output>
          </reporter-output>
        </test-method> <!-- openURL -->
        <test-method signature="verifySexButtons()[pri:0, instance:test.verifySexOptions@55183b20]" started-at="2022-09-23T22:39:50 IST" name="verifySexButtons" finished-at="2022-09-23T22:39:51 IST" duration-ms="546" status="PASS">
          <reporter-output>
          </reporter-output>
        </test-method> <!-- verifySexButtons -->
        <test-method is-config="true" signature="removeObject()[pri:0, instance:test.verifySexOptions@55183b20]" started-at="2022-09-23T22:39:51 IST" name="removeObject" finished-at="2022-09-23T22:39:51 IST" duration-ms="0" status="PASS">
          <reporter-output>
          </reporter-output>
        </test-method> <!-- removeObject -->
        <test-method is-config="true" signature="closeBrowser()[pri:0, instance:test.verifySexOptions@55183b20]" started-at="2022-09-23T22:40:02 IST" name="closeBrowser" finished-at="2022-09-23T22:40:02 IST" duration-ms="140" status="PASS">
          <reporter-output>
          </reporter-output>
        </test-method> <!-- closeBrowser -->
      </class> <!-- test.verifySexOptions -->
      <class name="test.VerifyAttributeValueCreateNewAccount">
        <test-method is-config="true" signature="launchBrowser(java.lang.String)[pri:0, instance:test.VerifyAttributeValueCreateNewAccount@4f83df68]" started-at="2022-09-23T22:39:34 IST" name="launchBrowser" finished-at="2022-09-23T22:39:36 IST" duration-ms="2491" status="PASS">
          <params>
            <param index="0">
              <value>
                <![CDATA[Edge]]>
              </value>
            </param>
          </params>
          <reporter-output>
          </reporter-output>
        </test-method> <!-- launchBrowser -->
        <test-method is-config="true" signature="createPOMObject()[pri:0, instance:test.VerifyAttributeValueCreateNewAccount@4f83df68]" started-at="2022-09-23T22:39:41 IST" name="createPOMObject" finished-at="2022-09-23T22:39:41 IST" duration-ms="0" status="PASS">
          <reporter-output>
          </reporter-output>
        </test-method> <!-- createPOMObject -->
        <test-method is-config="true" signature="openURL()[pri:0, instance:test.VerifyAttributeValueCreateNewAccount@4f83df68]" started-at="2022-09-23T22:39:41 IST" name="openURL" finished-at="2022-09-23T22:39:47 IST" duration-ms="5520" status="PASS">
          <reporter-output>
          </reporter-output>
        </test-method> <!-- openURL -->
        <test-method signature="verifyAttributeValueFirstName()[pri:1, instance:test.VerifyAttributeValueCreateNewAccount@4f83df68]" started-at="2022-09-23T22:39:47 IST" name="verifyAttributeValueFirstName" finished-at="2022-09-23T22:39:48 IST" duration-ms="1626" status="PASS">
          <reporter-output>
          </reporter-output>
        </test-method> <!-- verifyAttributeValueFirstName -->
        <test-method is-config="true" signature="openURL()[pri:0, instance:test.VerifyAttributeValueCreateNewAccount@4f83df68]" started-at="2022-09-23T22:39:48 IST" name="openURL" finished-at="2022-09-23T22:39:50 IST" duration-ms="2210" status="PASS">
          <reporter-output>
          </reporter-output>
        </test-method> <!-- openURL -->
        <test-method signature="verifyAttributeValueLastName()[pri:2, instance:test.VerifyAttributeValueCreateNewAccount@4f83df68]" started-at="2022-09-23T22:39:50 IST" name="verifyAttributeValueLastName" finished-at="2022-09-23T22:39:51 IST" duration-ms="986" status="PASS">
          <reporter-output>
          </reporter-output>
        </test-method> <!-- verifyAttributeValueLastName -->
        <test-method is-config="true" signature="openURL()[pri:0, instance:test.VerifyAttributeValueCreateNewAccount@4f83df68]" started-at="2022-09-23T22:39:51 IST" name="openURL" finished-at="2022-09-23T22:39:54 IST" duration-ms="2049" status="PASS">
          <reporter-output>
          </reporter-output>
        </test-method> <!-- openURL -->
        <test-method signature="verifyAttributeValueMobileEmailId()[pri:3, instance:test.VerifyAttributeValueCreateNewAccount@4f83df68]" started-at="2022-09-23T22:39:54 IST" name="verifyAttributeValueMobileEmailId" finished-at="2022-09-23T22:39:54 IST" duration-ms="557" status="PASS">
          <reporter-output>
          </reporter-output>
        </test-method> <!-- verifyAttributeValueMobileEmailId -->
        <test-method is-config="true" signature="removeObject()[pri:0, instance:test.VerifyAttributeValueCreateNewAccount@4f83df68]" started-at="2022-09-23T22:39:54 IST" name="removeObject" finished-at="2022-09-23T22:39:54 IST" duration-ms="0" status="PASS">
          <reporter-output>
          </reporter-output>
        </test-method> <!-- removeObject -->
        <test-method is-config="true" signature="closeBrowser()[pri:0, instance:test.VerifyAttributeValueCreateNewAccount@4f83df68]" started-at="2022-09-23T22:39:54 IST" name="closeBrowser" finished-at="2022-09-23T22:39:54 IST" duration-ms="118" status="PASS">
          <reporter-output>
          </reporter-output>
        </test-method> <!-- closeBrowser -->
      </class> <!-- test.VerifyAttributeValueCreateNewAccount -->
      <class name="test.verifyBirthday">
        <test-method is-config="true" signature="launchBrowser(java.lang.String)[pri:0, instance:test.verifyBirthday@6cf0e0ba]" started-at="2022-09-23T22:39:36 IST" name="launchBrowser" finished-at="2022-09-23T22:39:39 IST" duration-ms="2554" status="PASS">
          <params>
            <param index="0">
              <value>
                <![CDATA[Edge]]>
              </value>
            </param>
          </params>
          <reporter-output>
          </reporter-output>
        </test-method> <!-- launchBrowser -->
        <test-method is-config="true" signature="createPOMObject()[pri:0, instance:test.verifyBirthday@6cf0e0ba]" started-at="2022-09-23T22:39:41 IST" name="createPOMObject" finished-at="2022-09-23T22:39:41 IST" duration-ms="2" status="PASS">
          <reporter-output>
          </reporter-output>
        </test-method> <!-- createPOMObject -->
        <test-method is-config="true" signature="openURL()[pri:0, instance:test.verifyBirthday@6cf0e0ba]" started-at="2022-09-23T22:39:41 IST" name="openURL" finished-at="2022-09-23T22:39:46 IST" duration-ms="5355" status="PASS">
          <reporter-output>
          </reporter-output>
        </test-method> <!-- openURL -->
        <test-method signature="verifyBirthday()[pri:0, instance:test.verifyBirthday@6cf0e0ba]" started-at="2022-09-23T22:39:46 IST" name="verifyBirthday" finished-at="2022-09-23T22:39:48 IST" duration-ms="1198" status="FAIL">
          <exception class="java.lang.AssertionError">
            <message>
              <![CDATA[The following asserts failed:
expected [true] but found [false],
expected [true] but found [false],
expected [true] but found [false]]]>
            </message>
            <full-stacktrace>
              <![CDATA[java.lang.AssertionError: The following asserts failed:
expected [true] but found [false],
expected [true] but found [false],
expected [true] but found [false]
at org.testng.asserts.SoftAssert.assertAll(SoftAssert.java:47)
at org.testng.asserts.SoftAssert.assertAll(SoftAssert.java:31)
at test.verifyBirthday.verifyBirthday(verifyBirthday.java:68)
at java.base/jdk.internal.reflect.DirectMethodHandleAccessor.invoke(DirectMethodHandleAccessor.java:104)
at java.base/java.lang.reflect.Method.invoke(Method.java:577)
at org.testng.internal.MethodInvocationHelper.invokeMethod(MethodInvocationHelper.java:133)
at org.testng.internal.TestInvoker.invokeMethod(TestInvoker.java:598)
at org.testng.internal.TestInvoker.invokeTestMethod(TestInvoker.java:173)
at org.testng.internal.MethodRunner.runInSequence(MethodRunner.java:46)
at org.testng.internal.TestInvoker$MethodInvocationAgent.invoke(TestInvoker.java:824)
at org.testng.internal.TestInvoker.invokeTestMethods(TestInvoker.java:146)
at org.testng.internal.TestMethodWorker.invokeTestMethods(TestMethodWorker.java:146)
at org.testng.internal.TestMethodWorker.run(TestMethodWorker.java:128)
at java.base/java.util.concurrent.ThreadPoolExecutor.runWorker(ThreadPoolExecutor.java:1136)
at java.base/java.util.concurrent.ThreadPoolExecutor$Worker.run(ThreadPoolExecutor.java:635)
at java.base/java.lang.Thread.run(Thread.java:833)
]]>
            </full-stacktrace>
          </exception> <!-- java.lang.AssertionError -->
          <reporter-output>
          </reporter-output>
        </test-method> <!-- verifyBirthday -->
        <test-method is-config="true" signature="removeObject()[pri:0, instance:test.verifyBirthday@6cf0e0ba]" started-at="2022-09-23T22:39:48 IST" name="removeObject" finished-at="2022-09-23T22:39:48 IST" duration-ms="0" status="PASS">
          <reporter-output>
          </reporter-output>
        </test-method> <!-- removeObject -->
        <test-method is-config="true" signature="closeBrowser()[pri:0, instance:test.verifyBirthday@6cf0e0ba]" started-at="2022-09-23T22:39:54 IST" name="closeBrowser" finished-at="2022-09-23T22:40:02 IST" duration-ms="7981" status="PASS">
          <reporter-output>
          </reporter-output>
        </test-method> <!-- closeBrowser -->
      </class> <!-- test.verifyBirthday -->
    </test> <!-- Edge -->
  </suite> <!-- Suite1234 -->
</testng-results>
